
Warning-[LINX_KRNL] Unsupported Linux kernel
  Linux kernel '5.4.0-122-generic' is not supported.
  Supported versions are 2.4* or 2.6*.

Command: vcs -R -full64 +v2k -fsdb +define+FSDB -sverilog -ntb_opts uvm-1.1 top_tb.sv \
-debug_all -l vcs.log -timescale=1ns/1ps

Warning-[DEBUG_DEP] Option will be deprecated
  The option '-fsdb' will be deprecated in a future release.  Please use 
  '-debug_acc+dmptf -debug_region+cell+encrypt' instead.

                         Chronologic VCS (TM)
       Version O-2018.09-SP2_Full64 -- Wed Jul 27 01:01:21 2022
               Copyright (c) 1991-2018 by Synopsys Inc.
                         ALL RIGHTS RESERVED

This program is proprietary and confidential information of Synopsys Inc.
and may be used and disclosed only as authorized in a license agreement
controlling such use and disclosure.


Warning-[DEBUG_DEP] Option will be deprecated
  The option '-debug_all' will be deprecated in a future release.  Please use 
  '-debug_acc+all -debug_region+cell+encrypt' instead.

Parsing design file '/home/user/synopsys/vcs/vcs-mx/O-2018.09-SP2/etc/uvm-1.1/uvm_pkg.sv'
Parsing included file '/home/user/synopsys/vcs/vcs-mx/O-2018.09-SP2/etc/uvm-1.1/uvm_macros.svh'.
Parsing included file '/home/user/synopsys/vcs/vcs-mx/O-2018.09-SP2/etc/uvm-1.1/macros/uvm_version_defines.svh'.
Back to file '/home/user/synopsys/vcs/vcs-mx/O-2018.09-SP2/etc/uvm-1.1/uvm_macros.svh'.
Parsing included file '/home/user/synopsys/vcs/vcs-mx/O-2018.09-SP2/etc/uvm-1.1/macros/uvm_message_defines.svh'.
Back to file '/home/user/synopsys/vcs/vcs-mx/O-2018.09-SP2/etc/uvm-1.1/uvm_macros.svh'.
Parsing included file '/home/user/synopsys/vcs/vcs-mx/O-2018.09-SP2/etc/uvm-1.1/macros/uvm_phase_defines.svh'.
Back to file '/home/user/synopsys/vcs/vcs-mx/O-2018.09-SP2/etc/uvm-1.1/uvm_macros.svh'.
Parsing included file '/home/user/synopsys/vcs/vcs-mx/O-2018.09-SP2/etc/uvm-1.1/macros/uvm_object_defines.svh'.
Back to file '/home/user/synopsys/vcs/vcs-mx/O-2018.09-SP2/etc/uvm-1.1/uvm_macros.svh'.
Parsing included file '/home/user/synopsys/vcs/vcs-mx/O-2018.09-SP2/etc/uvm-1.1/macros/uvm_printer_defines.svh'.
Back to file '/home/user/synopsys/vcs/vcs-mx/O-2018.09-SP2/etc/uvm-1.1/uvm_macros.svh'.
Parsing included file '/home/user/synopsys/vcs/vcs-mx/O-2018.09-SP2/etc/uvm-1.1/macros/uvm_tlm_defines.svh'.
Parsing included file '/home/user/synopsys/vcs/vcs-mx/O-2018.09-SP2/etc/uvm-1.1/tlm1/uvm_tlm_imps.svh'.
Back to file '/home/user/synopsys/vcs/vcs-mx/O-2018.09-SP2/etc/uvm-1.1/macros/uvm_tlm_defines.svh'.
Back to file '/home/user/synopsys/vcs/vcs-mx/O-2018.09-SP2/etc/uvm-1.1/uvm_macros.svh'.
Parsing included file '/home/user/synopsys/vcs/vcs-mx/O-2018.09-SP2/etc/uvm-1.1/macros/uvm_sequence_defines.svh'.
Back to file '/home/user/synopsys/vcs/vcs-mx/O-2018.09-SP2/etc/uvm-1.1/uvm_macros.svh'.
Parsing included file '/home/user/synopsys/vcs/vcs-mx/O-2018.09-SP2/etc/uvm-1.1/macros/uvm_callback_defines.svh'.
Back to file '/home/user/synopsys/vcs/vcs-mx/O-2018.09-SP2/etc/uvm-1.1/uvm_macros.svh'.
Parsing included file '/home/user/synopsys/vcs/vcs-mx/O-2018.09-SP2/etc/uvm-1.1/macros/uvm_reg_defines.svh'.
Back to file '/home/user/synopsys/vcs/vcs-mx/O-2018.09-SP2/etc/uvm-1.1/uvm_macros.svh'.
Parsing included file '/home/user/synopsys/vcs/vcs-mx/O-2018.09-SP2/etc/uvm-1.1/macros/uvm_deprecated_defines.svh'.
Back to file '/home/user/synopsys/vcs/vcs-mx/O-2018.09-SP2/etc/uvm-1.1/uvm_macros.svh'.
Back to file '/home/user/synopsys/vcs/vcs-mx/O-2018.09-SP2/etc/uvm-1.1/uvm_pkg.sv'.
Parsing included file '/home/user/synopsys/vcs/vcs-mx/O-2018.09-SP2/etc/uvm-1.1/directc/uvm_directc.svh'.
Parsing included file '/home/user/synopsys/vcs/vcs-mx/O-2018.09-SP2/etc/uvm-1.1/directc/uvm_seed.vh'.
Back to file '/home/user/synopsys/vcs/vcs-mx/O-2018.09-SP2/etc/uvm-1.1/directc/uvm_directc.svh'.
Back to file '/home/user/synopsys/vcs/vcs-mx/O-2018.09-SP2/etc/uvm-1.1/uvm_pkg.sv'.
Parsing included file '/home/user/synopsys/vcs/vcs-mx/O-2018.09-SP2/etc/uvm-1.1/dpi/uvm_dpi.svh'.
Parsing included file '/home/user/synopsys/vcs/vcs-mx/O-2018.09-SP2/etc/uvm-1.1/dpi/uvm_hdl.svh'.
Back to file '/home/user/synopsys/vcs/vcs-mx/O-2018.09-SP2/etc/uvm-1.1/dpi/uvm_dpi.svh'.
Parsing included file '/home/user/synopsys/vcs/vcs-mx/O-2018.09-SP2/etc/uvm-1.1/dpi/uvm_svcmd_dpi.svh'.
Back to file '/home/user/synopsys/vcs/vcs-mx/O-2018.09-SP2/etc/uvm-1.1/dpi/uvm_dpi.svh'.
Parsing included file '/home/user/synopsys/vcs/vcs-mx/O-2018.09-SP2/etc/uvm-1.1/dpi/uvm_regex.svh'.
Back to file '/home/user/synopsys/vcs/vcs-mx/O-2018.09-SP2/etc/uvm-1.1/dpi/uvm_dpi.svh'.
Back to file '/home/user/synopsys/vcs/vcs-mx/O-2018.09-SP2/etc/uvm-1.1/uvm_pkg.sv'.
Parsing included file '/home/user/synopsys/vcs/vcs-mx/O-2018.09-SP2/etc/uvm-1.1/base/uvm_base.svh'.
Parsing included file '/home/user/synopsys/vcs/vcs-mx/O-2018.09-SP2/etc/uvm-1.1/base/uvm_version.svh'.
Back to file '/home/user/synopsys/vcs/vcs-mx/O-2018.09-SP2/etc/uvm-1.1/base/uvm_base.svh'.
Parsing included file '/home/user/synopsys/vcs/vcs-mx/O-2018.09-SP2/etc/uvm-1.1/base/uvm_object_globals.svh'.
Back to file '/home/user/synopsys/vcs/vcs-mx/O-2018.09-SP2/etc/uvm-1.1/base/uvm_base.svh'.
Parsing included file '/home/user/synopsys/vcs/vcs-mx/O-2018.09-SP2/etc/uvm-1.1/base/uvm_misc.svh'.
Back to file '/home/user/synopsys/vcs/vcs-mx/O-2018.09-SP2/etc/uvm-1.1/base/uvm_base.svh'.
Parsing included file '/home/user/synopsys/vcs/vcs-mx/O-2018.09-SP2/etc/uvm-1.1/base/uvm_object.svh'.
Back to file '/home/user/synopsys/vcs/vcs-mx/O-2018.09-SP2/etc/uvm-1.1/base/uvm_base.svh'.
Parsing included file '/home/user/synopsys/vcs/vcs-mx/O-2018.09-SP2/etc/uvm-1.1/base/uvm_pool.svh'.
Back to file '/home/user/synopsys/vcs/vcs-mx/O-2018.09-SP2/etc/uvm-1.1/base/uvm_base.svh'.
Parsing included file '/home/user/synopsys/vcs/vcs-mx/O-2018.09-SP2/etc/uvm-1.1/base/uvm_queue.svh'.
Back to file '/home/user/synopsys/vcs/vcs-mx/O-2018.09-SP2/etc/uvm-1.1/base/uvm_base.svh'.
Parsing included file '/home/user/synopsys/vcs/vcs-mx/O-2018.09-SP2/etc/uvm-1.1/base/uvm_factory.svh'.
Back to file '/home/user/synopsys/vcs/vcs-mx/O-2018.09-SP2/etc/uvm-1.1/base/uvm_base.svh'.
Parsing included file '/home/user/synopsys/vcs/vcs-mx/O-2018.09-SP2/etc/uvm-1.1/base/uvm_registry.svh'.
Back to file '/home/user/synopsys/vcs/vcs-mx/O-2018.09-SP2/etc/uvm-1.1/base/uvm_base.svh'.
Parsing included file '/home/user/synopsys/vcs/vcs-mx/O-2018.09-SP2/etc/uvm-1.1/base/uvm_spell_chkr.svh'.
Back to file '/home/user/synopsys/vcs/vcs-mx/O-2018.09-SP2/etc/uvm-1.1/base/uvm_base.svh'.
Parsing included file '/home/user/synopsys/vcs/vcs-mx/O-2018.09-SP2/etc/uvm-1.1/base/uvm_resource.svh'.
Back to file '/home/user/synopsys/vcs/vcs-mx/O-2018.09-SP2/etc/uvm-1.1/base/uvm_base.svh'.
Parsing included file '/home/user/synopsys/vcs/vcs-mx/O-2018.09-SP2/etc/uvm-1.1/deprecated/uvm_resource_converter.svh'.
Back to file '/home/user/synopsys/vcs/vcs-mx/O-2018.09-SP2/etc/uvm-1.1/base/uvm_base.svh'.
Parsing included file '/home/user/synopsys/vcs/vcs-mx/O-2018.09-SP2/etc/uvm-1.1/base/uvm_resource_specializations.svh'.
Back to file '/home/user/synopsys/vcs/vcs-mx/O-2018.09-SP2/etc/uvm-1.1/base/uvm_base.svh'.
Parsing included file '/home/user/synopsys/vcs/vcs-mx/O-2018.09-SP2/etc/uvm-1.1/base/uvm_resource_db.svh'.
Back to file '/home/user/synopsys/vcs/vcs-mx/O-2018.09-SP2/etc/uvm-1.1/base/uvm_base.svh'.
Parsing included file '/home/user/synopsys/vcs/vcs-mx/O-2018.09-SP2/etc/uvm-1.1/base/uvm_config_db.svh'.
Back to file '/home/user/synopsys/vcs/vcs-mx/O-2018.09-SP2/etc/uvm-1.1/base/uvm_base.svh'.
Parsing included file '/home/user/synopsys/vcs/vcs-mx/O-2018.09-SP2/etc/uvm-1.1/base/uvm_printer.svh'.
Back to file '/home/user/synopsys/vcs/vcs-mx/O-2018.09-SP2/etc/uvm-1.1/base/uvm_base.svh'.
Parsing included file '/home/user/synopsys/vcs/vcs-mx/O-2018.09-SP2/etc/uvm-1.1/base/uvm_comparer.svh'.
Back to file '/home/user/synopsys/vcs/vcs-mx/O-2018.09-SP2/etc/uvm-1.1/base/uvm_base.svh'.
Parsing included file '/home/user/synopsys/vcs/vcs-mx/O-2018.09-SP2/etc/uvm-1.1/base/uvm_packer.svh'.
Back to file '/home/user/synopsys/vcs/vcs-mx/O-2018.09-SP2/etc/uvm-1.1/base/uvm_base.svh'.
Parsing included file '/home/user/synopsys/vcs/vcs-mx/O-2018.09-SP2/etc/uvm-1.1/base/uvm_recorder.svh'.
Back to file '/home/user/synopsys/vcs/vcs-mx/O-2018.09-SP2/etc/uvm-1.1/base/uvm_base.svh'.
Parsing included file '/home/user/synopsys/vcs/vcs-mx/O-2018.09-SP2/etc/uvm-1.1/base/uvm_event_callback.svh'.
Back to file '/home/user/synopsys/vcs/vcs-mx/O-2018.09-SP2/etc/uvm-1.1/base/uvm_base.svh'.
Parsing included file '/home/user/synopsys/vcs/vcs-mx/O-2018.09-SP2/etc/uvm-1.1/base/uvm_event.svh'.
Back to file '/home/user/synopsys/vcs/vcs-mx/O-2018.09-SP2/etc/uvm-1.1/base/uvm_base.svh'.
Parsing included file '/home/user/synopsys/vcs/vcs-mx/O-2018.09-SP2/etc/uvm-1.1/base/uvm_barrier.svh'.
Back to file '/home/user/synopsys/vcs/vcs-mx/O-2018.09-SP2/etc/uvm-1.1/base/uvm_base.svh'.
Parsing included file '/home/user/synopsys/vcs/vcs-mx/O-2018.09-SP2/etc/uvm-1.1/base/uvm_callback.svh'.
Parsing included file '/home/user/synopsys/vcs/vcs-mx/O-2018.09-SP2/etc/uvm-1.1/uvm_macros.svh'.
Back to file '/home/user/synopsys/vcs/vcs-mx/O-2018.09-SP2/etc/uvm-1.1/base/uvm_callback.svh'.
Back to file '/home/user/synopsys/vcs/vcs-mx/O-2018.09-SP2/etc/uvm-1.1/base/uvm_base.svh'.
Parsing included file '/home/user/synopsys/vcs/vcs-mx/O-2018.09-SP2/etc/uvm-1.1/base/uvm_report_catcher.svh'.
Back to file '/home/user/synopsys/vcs/vcs-mx/O-2018.09-SP2/etc/uvm-1.1/base/uvm_base.svh'.
Parsing included file '/home/user/synopsys/vcs/vcs-mx/O-2018.09-SP2/etc/uvm-1.1/base/uvm_report_server.svh'.
Back to file '/home/user/synopsys/vcs/vcs-mx/O-2018.09-SP2/etc/uvm-1.1/base/uvm_base.svh'.
Parsing included file '/home/user/synopsys/vcs/vcs-mx/O-2018.09-SP2/etc/uvm-1.1/base/uvm_report_handler.svh'.
Back to file '/home/user/synopsys/vcs/vcs-mx/O-2018.09-SP2/etc/uvm-1.1/base/uvm_base.svh'.
Parsing included file '/home/user/synopsys/vcs/vcs-mx/O-2018.09-SP2/etc/uvm-1.1/base/uvm_report_object.svh'.
Back to file '/home/user/synopsys/vcs/vcs-mx/O-2018.09-SP2/etc/uvm-1.1/base/uvm_base.svh'.
Parsing included file '/home/user/synopsys/vcs/vcs-mx/O-2018.09-SP2/etc/uvm-1.1/base/uvm_transaction.svh'.
Back to file '/home/user/synopsys/vcs/vcs-mx/O-2018.09-SP2/etc/uvm-1.1/base/uvm_base.svh'.
Parsing included file '/home/user/synopsys/vcs/vcs-mx/O-2018.09-SP2/etc/uvm-1.1/base/uvm_phase.svh'.
Back to file '/home/user/synopsys/vcs/vcs-mx/O-2018.09-SP2/etc/uvm-1.1/base/uvm_base.svh'.
Parsing included file '/home/user/synopsys/vcs/vcs-mx/O-2018.09-SP2/etc/uvm-1.1/base/uvm_domain.svh'.
Back to file '/home/user/synopsys/vcs/vcs-mx/O-2018.09-SP2/etc/uvm-1.1/base/uvm_base.svh'.
Parsing included file '/home/user/synopsys/vcs/vcs-mx/O-2018.09-SP2/etc/uvm-1.1/base/uvm_bottomup_phase.svh'.
Back to file '/home/user/synopsys/vcs/vcs-mx/O-2018.09-SP2/etc/uvm-1.1/base/uvm_base.svh'.
Parsing included file '/home/user/synopsys/vcs/vcs-mx/O-2018.09-SP2/etc/uvm-1.1/base/uvm_topdown_phase.svh'.
Back to file '/home/user/synopsys/vcs/vcs-mx/O-2018.09-SP2/etc/uvm-1.1/base/uvm_base.svh'.
Parsing included file '/home/user/synopsys/vcs/vcs-mx/O-2018.09-SP2/etc/uvm-1.1/base/uvm_task_phase.svh'.
Back to file '/home/user/synopsys/vcs/vcs-mx/O-2018.09-SP2/etc/uvm-1.1/base/uvm_base.svh'.
Parsing included file '/home/user/synopsys/vcs/vcs-mx/O-2018.09-SP2/etc/uvm-1.1/base/uvm_common_phases.svh'.
Back to file '/home/user/synopsys/vcs/vcs-mx/O-2018.09-SP2/etc/uvm-1.1/base/uvm_base.svh'.
Parsing included file '/home/user/synopsys/vcs/vcs-mx/O-2018.09-SP2/etc/uvm-1.1/base/uvm_runtime_phases.svh'.
Back to file '/home/user/synopsys/vcs/vcs-mx/O-2018.09-SP2/etc/uvm-1.1/base/uvm_base.svh'.
Parsing included file '/home/user/synopsys/vcs/vcs-mx/O-2018.09-SP2/etc/uvm-1.1/base/uvm_component.svh'.
Parsing included file '/home/user/synopsys/vcs/vcs-mx/O-2018.09-SP2/etc/uvm-1.1/base/uvm_root.svh'.
Back to file '/home/user/synopsys/vcs/vcs-mx/O-2018.09-SP2/etc/uvm-1.1/base/uvm_component.svh'.
Back to file '/home/user/synopsys/vcs/vcs-mx/O-2018.09-SP2/etc/uvm-1.1/base/uvm_base.svh'.
Parsing included file '/home/user/synopsys/vcs/vcs-mx/O-2018.09-SP2/etc/uvm-1.1/base/uvm_objection.svh'.
Back to file '/home/user/synopsys/vcs/vcs-mx/O-2018.09-SP2/etc/uvm-1.1/base/uvm_base.svh'.
Parsing included file '/home/user/synopsys/vcs/vcs-mx/O-2018.09-SP2/etc/uvm-1.1/base/uvm_heartbeat.svh'.
Back to file '/home/user/synopsys/vcs/vcs-mx/O-2018.09-SP2/etc/uvm-1.1/base/uvm_base.svh'.
Parsing included file '/home/user/synopsys/vcs/vcs-mx/O-2018.09-SP2/etc/uvm-1.1/base/uvm_globals.svh'.
Back to file '/home/user/synopsys/vcs/vcs-mx/O-2018.09-SP2/etc/uvm-1.1/base/uvm_base.svh'.
Parsing included file '/home/user/synopsys/vcs/vcs-mx/O-2018.09-SP2/etc/uvm-1.1/base/uvm_cmdline_processor.svh'.
Back to file '/home/user/synopsys/vcs/vcs-mx/O-2018.09-SP2/etc/uvm-1.1/base/uvm_base.svh'.
Back to file '/home/user/synopsys/vcs/vcs-mx/O-2018.09-SP2/etc/uvm-1.1/uvm_pkg.sv'.
Parsing included file '/home/user/synopsys/vcs/vcs-mx/O-2018.09-SP2/etc/uvm-1.1/tlm1/uvm_tlm.svh'.
Parsing included file '/home/user/synopsys/vcs/vcs-mx/O-2018.09-SP2/etc/uvm-1.1/tlm1/uvm_tlm_ifs.svh'.
Back to file '/home/user/synopsys/vcs/vcs-mx/O-2018.09-SP2/etc/uvm-1.1/tlm1/uvm_tlm.svh'.
Parsing included file '/home/user/synopsys/vcs/vcs-mx/O-2018.09-SP2/etc/uvm-1.1/tlm1/uvm_sqr_ifs.svh'.
Back to file '/home/user/synopsys/vcs/vcs-mx/O-2018.09-SP2/etc/uvm-1.1/tlm1/uvm_tlm.svh'.
Parsing included file '/home/user/synopsys/vcs/vcs-mx/O-2018.09-SP2/etc/uvm-1.1/base/uvm_port_base.svh'.
Back to file '/home/user/synopsys/vcs/vcs-mx/O-2018.09-SP2/etc/uvm-1.1/tlm1/uvm_tlm.svh'.
Parsing included file '/home/user/synopsys/vcs/vcs-mx/O-2018.09-SP2/etc/uvm-1.1/tlm1/uvm_tlm_imps.svh'.
Back to file '/home/user/synopsys/vcs/vcs-mx/O-2018.09-SP2/etc/uvm-1.1/tlm1/uvm_tlm.svh'.
Parsing included file '/home/user/synopsys/vcs/vcs-mx/O-2018.09-SP2/etc/uvm-1.1/tlm1/uvm_imps.svh'.
Back to file '/home/user/synopsys/vcs/vcs-mx/O-2018.09-SP2/etc/uvm-1.1/tlm1/uvm_tlm.svh'.
Parsing included file '/home/user/synopsys/vcs/vcs-mx/O-2018.09-SP2/etc/uvm-1.1/tlm1/uvm_ports.svh'.
Back to file '/home/user/synopsys/vcs/vcs-mx/O-2018.09-SP2/etc/uvm-1.1/tlm1/uvm_tlm.svh'.
Parsing included file '/home/user/synopsys/vcs/vcs-mx/O-2018.09-SP2/etc/uvm-1.1/tlm1/uvm_exports.svh'.
Back to file '/home/user/synopsys/vcs/vcs-mx/O-2018.09-SP2/etc/uvm-1.1/tlm1/uvm_tlm.svh'.
Parsing included file '/home/user/synopsys/vcs/vcs-mx/O-2018.09-SP2/etc/uvm-1.1/tlm1/uvm_analysis_port.svh'.
Back to file '/home/user/synopsys/vcs/vcs-mx/O-2018.09-SP2/etc/uvm-1.1/tlm1/uvm_tlm.svh'.
Parsing included file '/home/user/synopsys/vcs/vcs-mx/O-2018.09-SP2/etc/uvm-1.1/tlm1/uvm_tlm_fifo_base.svh'.
Back to file '/home/user/synopsys/vcs/vcs-mx/O-2018.09-SP2/etc/uvm-1.1/tlm1/uvm_tlm.svh'.
Parsing included file '/home/user/synopsys/vcs/vcs-mx/O-2018.09-SP2/etc/uvm-1.1/tlm1/uvm_tlm_fifos.svh'.
Back to file '/home/user/synopsys/vcs/vcs-mx/O-2018.09-SP2/etc/uvm-1.1/tlm1/uvm_tlm.svh'.
Parsing included file '/home/user/synopsys/vcs/vcs-mx/O-2018.09-SP2/etc/uvm-1.1/tlm1/uvm_tlm_req_rsp.svh'.
Back to file '/home/user/synopsys/vcs/vcs-mx/O-2018.09-SP2/etc/uvm-1.1/tlm1/uvm_tlm.svh'.
Parsing included file '/home/user/synopsys/vcs/vcs-mx/O-2018.09-SP2/etc/uvm-1.1/tlm1/uvm_sqr_connections.svh'.
Back to file '/home/user/synopsys/vcs/vcs-mx/O-2018.09-SP2/etc/uvm-1.1/tlm1/uvm_tlm.svh'.
Back to file '/home/user/synopsys/vcs/vcs-mx/O-2018.09-SP2/etc/uvm-1.1/uvm_pkg.sv'.
Parsing included file '/home/user/synopsys/vcs/vcs-mx/O-2018.09-SP2/etc/uvm-1.1/comps/uvm_comps.svh'.
Parsing included file '/home/user/synopsys/vcs/vcs-mx/O-2018.09-SP2/etc/uvm-1.1/comps/uvm_pair.svh'.
Back to file '/home/user/synopsys/vcs/vcs-mx/O-2018.09-SP2/etc/uvm-1.1/comps/uvm_comps.svh'.
Parsing included file '/home/user/synopsys/vcs/vcs-mx/O-2018.09-SP2/etc/uvm-1.1/comps/uvm_policies.svh'.
Back to file '/home/user/synopsys/vcs/vcs-mx/O-2018.09-SP2/etc/uvm-1.1/comps/uvm_comps.svh'.
Parsing included file '/home/user/synopsys/vcs/vcs-mx/O-2018.09-SP2/etc/uvm-1.1/comps/uvm_in_order_comparator.svh'.
Back to file '/home/user/synopsys/vcs/vcs-mx/O-2018.09-SP2/etc/uvm-1.1/comps/uvm_comps.svh'.
Parsing included file '/home/user/synopsys/vcs/vcs-mx/O-2018.09-SP2/etc/uvm-1.1/comps/uvm_algorithmic_comparator.svh'.
Back to file '/home/user/synopsys/vcs/vcs-mx/O-2018.09-SP2/etc/uvm-1.1/comps/uvm_comps.svh'.
Parsing included file '/home/user/synopsys/vcs/vcs-mx/O-2018.09-SP2/etc/uvm-1.1/comps/uvm_random_stimulus.svh'.
Back to file '/home/user/synopsys/vcs/vcs-mx/O-2018.09-SP2/etc/uvm-1.1/comps/uvm_comps.svh'.
Parsing included file '/home/user/synopsys/vcs/vcs-mx/O-2018.09-SP2/etc/uvm-1.1/comps/uvm_subscriber.svh'.
Back to file '/home/user/synopsys/vcs/vcs-mx/O-2018.09-SP2/etc/uvm-1.1/comps/uvm_comps.svh'.
Parsing included file '/home/user/synopsys/vcs/vcs-mx/O-2018.09-SP2/etc/uvm-1.1/comps/uvm_monitor.svh'.
Back to file '/home/user/synopsys/vcs/vcs-mx/O-2018.09-SP2/etc/uvm-1.1/comps/uvm_comps.svh'.
Parsing included file '/home/user/synopsys/vcs/vcs-mx/O-2018.09-SP2/etc/uvm-1.1/comps/uvm_driver.svh'.
Back to file '/home/user/synopsys/vcs/vcs-mx/O-2018.09-SP2/etc/uvm-1.1/comps/uvm_comps.svh'.
Parsing included file '/home/user/synopsys/vcs/vcs-mx/O-2018.09-SP2/etc/uvm-1.1/comps/uvm_push_driver.svh'.
Back to file '/home/user/synopsys/vcs/vcs-mx/O-2018.09-SP2/etc/uvm-1.1/comps/uvm_comps.svh'.
Parsing included file '/home/user/synopsys/vcs/vcs-mx/O-2018.09-SP2/etc/uvm-1.1/comps/uvm_scoreboard.svh'.
Back to file '/home/user/synopsys/vcs/vcs-mx/O-2018.09-SP2/etc/uvm-1.1/comps/uvm_comps.svh'.
Parsing included file '/home/user/synopsys/vcs/vcs-mx/O-2018.09-SP2/etc/uvm-1.1/comps/uvm_agent.svh'.
Back to file '/home/user/synopsys/vcs/vcs-mx/O-2018.09-SP2/etc/uvm-1.1/comps/uvm_comps.svh'.
Parsing included file '/home/user/synopsys/vcs/vcs-mx/O-2018.09-SP2/etc/uvm-1.1/comps/uvm_env.svh'.
Back to file '/home/user/synopsys/vcs/vcs-mx/O-2018.09-SP2/etc/uvm-1.1/comps/uvm_comps.svh'.
Parsing included file '/home/user/synopsys/vcs/vcs-mx/O-2018.09-SP2/etc/uvm-1.1/comps/uvm_test.svh'.
Back to file '/home/user/synopsys/vcs/vcs-mx/O-2018.09-SP2/etc/uvm-1.1/comps/uvm_comps.svh'.
Back to file '/home/user/synopsys/vcs/vcs-mx/O-2018.09-SP2/etc/uvm-1.1/uvm_pkg.sv'.
Parsing included file '/home/user/synopsys/vcs/vcs-mx/O-2018.09-SP2/etc/uvm-1.1/seq/uvm_seq.svh'.
Parsing included file '/home/user/synopsys/vcs/vcs-mx/O-2018.09-SP2/etc/uvm-1.1/seq/uvm_sequence_item.svh'.
Back to file '/home/user/synopsys/vcs/vcs-mx/O-2018.09-SP2/etc/uvm-1.1/seq/uvm_seq.svh'.
Parsing included file '/home/user/synopsys/vcs/vcs-mx/O-2018.09-SP2/etc/uvm-1.1/seq/uvm_sequencer_base.svh'.
Back to file '/home/user/synopsys/vcs/vcs-mx/O-2018.09-SP2/etc/uvm-1.1/seq/uvm_seq.svh'.
Parsing included file '/home/user/synopsys/vcs/vcs-mx/O-2018.09-SP2/etc/uvm-1.1/seq/uvm_sequencer_analysis_fifo.svh'.
Back to file '/home/user/synopsys/vcs/vcs-mx/O-2018.09-SP2/etc/uvm-1.1/seq/uvm_seq.svh'.
Parsing included file '/home/user/synopsys/vcs/vcs-mx/O-2018.09-SP2/etc/uvm-1.1/seq/uvm_sequencer_param_base.svh'.
Back to file '/home/user/synopsys/vcs/vcs-mx/O-2018.09-SP2/etc/uvm-1.1/seq/uvm_seq.svh'.
Parsing included file '/home/user/synopsys/vcs/vcs-mx/O-2018.09-SP2/etc/uvm-1.1/seq/uvm_sequencer.svh'.
Back to file '/home/user/synopsys/vcs/vcs-mx/O-2018.09-SP2/etc/uvm-1.1/seq/uvm_seq.svh'.
Parsing included file '/home/user/synopsys/vcs/vcs-mx/O-2018.09-SP2/etc/uvm-1.1/seq/uvm_push_sequencer.svh'.
Back to file '/home/user/synopsys/vcs/vcs-mx/O-2018.09-SP2/etc/uvm-1.1/seq/uvm_seq.svh'.
Parsing included file '/home/user/synopsys/vcs/vcs-mx/O-2018.09-SP2/etc/uvm-1.1/seq/uvm_sequence_base.svh'.
Back to file '/home/user/synopsys/vcs/vcs-mx/O-2018.09-SP2/etc/uvm-1.1/seq/uvm_seq.svh'.
Parsing included file '/home/user/synopsys/vcs/vcs-mx/O-2018.09-SP2/etc/uvm-1.1/seq/uvm_sequence.svh'.
Back to file '/home/user/synopsys/vcs/vcs-mx/O-2018.09-SP2/etc/uvm-1.1/seq/uvm_seq.svh'.
Parsing included file '/home/user/synopsys/vcs/vcs-mx/O-2018.09-SP2/etc/uvm-1.1/seq/uvm_sequence_library.svh'.
Back to file '/home/user/synopsys/vcs/vcs-mx/O-2018.09-SP2/etc/uvm-1.1/seq/uvm_seq.svh'.
Parsing included file '/home/user/synopsys/vcs/vcs-mx/O-2018.09-SP2/etc/uvm-1.1/seq/uvm_sequence_builtin.svh'.
Back to file '/home/user/synopsys/vcs/vcs-mx/O-2018.09-SP2/etc/uvm-1.1/seq/uvm_seq.svh'.
Back to file '/home/user/synopsys/vcs/vcs-mx/O-2018.09-SP2/etc/uvm-1.1/uvm_pkg.sv'.
Parsing included file '/home/user/synopsys/vcs/vcs-mx/O-2018.09-SP2/etc/uvm-1.1/tlm2/uvm_tlm2.svh'.
Parsing included file '/home/user/synopsys/vcs/vcs-mx/O-2018.09-SP2/etc/uvm-1.1/tlm2/uvm_tlm2_defines.svh'.
Back to file '/home/user/synopsys/vcs/vcs-mx/O-2018.09-SP2/etc/uvm-1.1/tlm2/uvm_tlm2.svh'.
Parsing included file '/home/user/synopsys/vcs/vcs-mx/O-2018.09-SP2/etc/uvm-1.1/tlm2/uvm_tlm2_time.svh'.
Back to file '/home/user/synopsys/vcs/vcs-mx/O-2018.09-SP2/etc/uvm-1.1/tlm2/uvm_tlm2.svh'.
Parsing included file '/home/user/synopsys/vcs/vcs-mx/O-2018.09-SP2/etc/uvm-1.1/tlm2/uvm_tlm2_generic_payload.svh'.
Back to file '/home/user/synopsys/vcs/vcs-mx/O-2018.09-SP2/etc/uvm-1.1/tlm2/uvm_tlm2.svh'.
Parsing included file '/home/user/synopsys/vcs/vcs-mx/O-2018.09-SP2/etc/uvm-1.1/tlm2/uvm_tlm2_ifs.svh'.
Back to file '/home/user/synopsys/vcs/vcs-mx/O-2018.09-SP2/etc/uvm-1.1/tlm2/uvm_tlm2.svh'.
Parsing included file '/home/user/synopsys/vcs/vcs-mx/O-2018.09-SP2/etc/uvm-1.1/tlm2/uvm_tlm2_imps.svh'.
Back to file '/home/user/synopsys/vcs/vcs-mx/O-2018.09-SP2/etc/uvm-1.1/tlm2/uvm_tlm2.svh'.
Parsing included file '/home/user/synopsys/vcs/vcs-mx/O-2018.09-SP2/etc/uvm-1.1/tlm2/uvm_tlm2_ports.svh'.
Back to file '/home/user/synopsys/vcs/vcs-mx/O-2018.09-SP2/etc/uvm-1.1/tlm2/uvm_tlm2.svh'.
Parsing included file '/home/user/synopsys/vcs/vcs-mx/O-2018.09-SP2/etc/uvm-1.1/tlm2/uvm_tlm2_exports.svh'.
Back to file '/home/user/synopsys/vcs/vcs-mx/O-2018.09-SP2/etc/uvm-1.1/tlm2/uvm_tlm2.svh'.
Parsing included file '/home/user/synopsys/vcs/vcs-mx/O-2018.09-SP2/etc/uvm-1.1/tlm2/uvm_tlm2_sockets_base.svh'.
Back to file '/home/user/synopsys/vcs/vcs-mx/O-2018.09-SP2/etc/uvm-1.1/tlm2/uvm_tlm2.svh'.
Parsing included file '/home/user/synopsys/vcs/vcs-mx/O-2018.09-SP2/etc/uvm-1.1/tlm2/uvm_tlm2_sockets.svh'.
Back to file '/home/user/synopsys/vcs/vcs-mx/O-2018.09-SP2/etc/uvm-1.1/tlm2/uvm_tlm2.svh'.
Back to file '/home/user/synopsys/vcs/vcs-mx/O-2018.09-SP2/etc/uvm-1.1/uvm_pkg.sv'.
Parsing included file '/home/user/synopsys/vcs/vcs-mx/O-2018.09-SP2/etc/uvm-1.1/reg/uvm_reg_model.svh'.
Parsing included file '/home/user/synopsys/vcs/vcs-mx/O-2018.09-SP2/etc/uvm-1.1/reg/uvm_reg_item.svh'.
Back to file '/home/user/synopsys/vcs/vcs-mx/O-2018.09-SP2/etc/uvm-1.1/reg/uvm_reg_model.svh'.
Parsing included file '/home/user/synopsys/vcs/vcs-mx/O-2018.09-SP2/etc/uvm-1.1/reg/uvm_reg_adapter.svh'.
Back to file '/home/user/synopsys/vcs/vcs-mx/O-2018.09-SP2/etc/uvm-1.1/reg/uvm_reg_model.svh'.
Parsing included file '/home/user/synopsys/vcs/vcs-mx/O-2018.09-SP2/etc/uvm-1.1/reg/uvm_reg_predictor.svh'.
Back to file '/home/user/synopsys/vcs/vcs-mx/O-2018.09-SP2/etc/uvm-1.1/reg/uvm_reg_model.svh'.
Parsing included file '/home/user/synopsys/vcs/vcs-mx/O-2018.09-SP2/etc/uvm-1.1/reg/uvm_reg_sequence.svh'.
Back to file '/home/user/synopsys/vcs/vcs-mx/O-2018.09-SP2/etc/uvm-1.1/reg/uvm_reg_model.svh'.
Parsing included file '/home/user/synopsys/vcs/vcs-mx/O-2018.09-SP2/etc/uvm-1.1/reg/uvm_reg_cbs.svh'.
Back to file '/home/user/synopsys/vcs/vcs-mx/O-2018.09-SP2/etc/uvm-1.1/reg/uvm_reg_model.svh'.
Parsing included file '/home/user/synopsys/vcs/vcs-mx/O-2018.09-SP2/etc/uvm-1.1/reg/uvm_reg_backdoor.svh'.
Back to file '/home/user/synopsys/vcs/vcs-mx/O-2018.09-SP2/etc/uvm-1.1/reg/uvm_reg_model.svh'.
Parsing included file '/home/user/synopsys/vcs/vcs-mx/O-2018.09-SP2/etc/uvm-1.1/reg/uvm_reg_field.svh'.
Back to file '/home/user/synopsys/vcs/vcs-mx/O-2018.09-SP2/etc/uvm-1.1/reg/uvm_reg_model.svh'.
Parsing included file '/home/user/synopsys/vcs/vcs-mx/O-2018.09-SP2/etc/uvm-1.1/reg/uvm_vreg_field.svh'.
Back to file '/home/user/synopsys/vcs/vcs-mx/O-2018.09-SP2/etc/uvm-1.1/reg/uvm_reg_model.svh'.
Parsing included file '/home/user/synopsys/vcs/vcs-mx/O-2018.09-SP2/etc/uvm-1.1/reg/uvm_reg.svh'.
Back to file '/home/user/synopsys/vcs/vcs-mx/O-2018.09-SP2/etc/uvm-1.1/reg/uvm_reg_model.svh'.
Parsing included file '/home/user/synopsys/vcs/vcs-mx/O-2018.09-SP2/etc/uvm-1.1/reg/uvm_reg_indirect.svh'.
Back to file '/home/user/synopsys/vcs/vcs-mx/O-2018.09-SP2/etc/uvm-1.1/reg/uvm_reg_model.svh'.
Parsing included file '/home/user/synopsys/vcs/vcs-mx/O-2018.09-SP2/etc/uvm-1.1/reg/uvm_reg_fifo.svh'.
Back to file '/home/user/synopsys/vcs/vcs-mx/O-2018.09-SP2/etc/uvm-1.1/reg/uvm_reg_model.svh'.
Parsing included file '/home/user/synopsys/vcs/vcs-mx/O-2018.09-SP2/etc/uvm-1.1/reg/uvm_reg_file.svh'.
Back to file '/home/user/synopsys/vcs/vcs-mx/O-2018.09-SP2/etc/uvm-1.1/reg/uvm_reg_model.svh'.
Parsing included file '/home/user/synopsys/vcs/vcs-mx/O-2018.09-SP2/etc/uvm-1.1/reg/uvm_mem_mam.svh'.
Back to file '/home/user/synopsys/vcs/vcs-mx/O-2018.09-SP2/etc/uvm-1.1/reg/uvm_reg_model.svh'.
Parsing included file '/home/user/synopsys/vcs/vcs-mx/O-2018.09-SP2/etc/uvm-1.1/reg/uvm_vreg.svh'.
Back to file '/home/user/synopsys/vcs/vcs-mx/O-2018.09-SP2/etc/uvm-1.1/reg/uvm_reg_model.svh'.
Parsing included file '/home/user/synopsys/vcs/vcs-mx/O-2018.09-SP2/etc/uvm-1.1/reg/uvm_mem.svh'.
Back to file '/home/user/synopsys/vcs/vcs-mx/O-2018.09-SP2/etc/uvm-1.1/reg/uvm_reg_model.svh'.
Parsing included file '/home/user/synopsys/vcs/vcs-mx/O-2018.09-SP2/etc/uvm-1.1/reg/uvm_reg_map.svh'.
Back to file '/home/user/synopsys/vcs/vcs-mx/O-2018.09-SP2/etc/uvm-1.1/reg/uvm_reg_model.svh'.
Parsing included file '/home/user/synopsys/vcs/vcs-mx/O-2018.09-SP2/etc/uvm-1.1/reg/uvm_reg_block.svh'.
Back to file '/home/user/synopsys/vcs/vcs-mx/O-2018.09-SP2/etc/uvm-1.1/reg/uvm_reg_model.svh'.
Parsing included file '/home/user/synopsys/vcs/vcs-mx/O-2018.09-SP2/etc/uvm-1.1/reg/sequences/uvm_reg_hw_reset_seq.svh'.
Back to file '/home/user/synopsys/vcs/vcs-mx/O-2018.09-SP2/etc/uvm-1.1/reg/uvm_reg_model.svh'.
Parsing included file '/home/user/synopsys/vcs/vcs-mx/O-2018.09-SP2/etc/uvm-1.1/reg/sequences/uvm_reg_bit_bash_seq.svh'.
Back to file '/home/user/synopsys/vcs/vcs-mx/O-2018.09-SP2/etc/uvm-1.1/reg/uvm_reg_model.svh'.
Parsing included file '/home/user/synopsys/vcs/vcs-mx/O-2018.09-SP2/etc/uvm-1.1/reg/sequences/uvm_mem_walk_seq.svh'.
Back to file '/home/user/synopsys/vcs/vcs-mx/O-2018.09-SP2/etc/uvm-1.1/reg/uvm_reg_model.svh'.
Parsing included file '/home/user/synopsys/vcs/vcs-mx/O-2018.09-SP2/etc/uvm-1.1/reg/sequences/uvm_mem_access_seq.svh'.
Back to file '/home/user/synopsys/vcs/vcs-mx/O-2018.09-SP2/etc/uvm-1.1/reg/uvm_reg_model.svh'.
Parsing included file '/home/user/synopsys/vcs/vcs-mx/O-2018.09-SP2/etc/uvm-1.1/reg/sequences/uvm_reg_access_seq.svh'.
Back to file '/home/user/synopsys/vcs/vcs-mx/O-2018.09-SP2/etc/uvm-1.1/reg/uvm_reg_model.svh'.
Parsing included file '/home/user/synopsys/vcs/vcs-mx/O-2018.09-SP2/etc/uvm-1.1/reg/sequences/uvm_reg_mem_shared_access_seq.svh'.
Back to file '/home/user/synopsys/vcs/vcs-mx/O-2018.09-SP2/etc/uvm-1.1/reg/uvm_reg_model.svh'.
Parsing included file '/home/user/synopsys/vcs/vcs-mx/O-2018.09-SP2/etc/uvm-1.1/reg/sequences/uvm_reg_mem_built_in_seq.svh'.
Back to file '/home/user/synopsys/vcs/vcs-mx/O-2018.09-SP2/etc/uvm-1.1/reg/uvm_reg_model.svh'.
Parsing included file '/home/user/synopsys/vcs/vcs-mx/O-2018.09-SP2/etc/uvm-1.1/reg/sequences/uvm_reg_mem_hdl_paths_seq.svh'.
Back to file '/home/user/synopsys/vcs/vcs-mx/O-2018.09-SP2/etc/uvm-1.1/reg/uvm_reg_model.svh'.
Parsing included file '/home/user/synopsys/vcs/vcs-mx/O-2018.09-SP2/etc/uvm-1.1/reg/snps_uvm_reg_bank.svh'.
Back to file '/home/user/synopsys/vcs/vcs-mx/O-2018.09-SP2/etc/uvm-1.1/reg/uvm_reg_model.svh'.
Back to file '/home/user/synopsys/vcs/vcs-mx/O-2018.09-SP2/etc/uvm-1.1/uvm_pkg.sv'.
Parsing design file '/home/user/synopsys/vcs/vcs-mx/O-2018.09-SP2/etc/uvm-1.1/vcs/uvm_custom_install_vcs_recorder.sv'
Parsing included file '/home/user/synopsys/vcs/vcs-mx/O-2018.09-SP2/etc/uvm-1.1/vcs/msglog.svh'.
Back to file '/home/user/synopsys/vcs/vcs-mx/O-2018.09-SP2/etc/uvm-1.1/vcs/uvm_custom_install_vcs_recorder.sv'.
Parsing included file '/home/user/synopsys/vcs/vcs-mx/O-2018.09-SP2/etc/uvm-1.1/vcs/uvm_msglog_report_server.sv'.
Back to file '/home/user/synopsys/vcs/vcs-mx/O-2018.09-SP2/etc/uvm-1.1/vcs/uvm_custom_install_vcs_recorder.sv'.
Parsing included file '/home/user/synopsys/vcs/vcs-mx/O-2018.09-SP2/etc/uvm-1.1/vcs/uvm_vcs_recorder.svh'.
Back to file '/home/user/synopsys/vcs/vcs-mx/O-2018.09-SP2/etc/uvm-1.1/vcs/uvm_custom_install_vcs_recorder.sv'.
Parsing included file '/home/user/synopsys/vcs/vcs-mx/O-2018.09-SP2/etc/uvm-1.1/vcs/uvm_vcs_record_interface.sv'.
Back to file '/home/user/synopsys/vcs/vcs-mx/O-2018.09-SP2/etc/uvm-1.1/vcs/uvm_custom_install_vcs_recorder.sv'.
Parsing design file '/home/user/synopsys/vcs/vcs-mx/O-2018.09-SP2/etc/uvm-1.1/verdi/uvm_custom_install_verdi_recorder.sv'
Parsing included file '/home/user/synopsys/vcs/vcs-mx/O-2018.09-SP2/etc/uvm-1.1/uvm_macros.svh'.
Back to file '/home/user/synopsys/vcs/vcs-mx/O-2018.09-SP2/etc/uvm-1.1/verdi/uvm_custom_install_verdi_recorder.sv'.
Parsing included file '/home/user/synopsys/vcs/vcs-mx/O-2018.09-SP2/etc/uvm-1.1/verdi/uvm_verdi_recorder.svh'.
Parsing included file '/home/user/synopsys/vcs/vcs-mx/O-2018.09-SP2/etc/uvm-1.1/verdi/uvm_verdi_pli_base.svh'.
Back to file '/home/user/synopsys/vcs/vcs-mx/O-2018.09-SP2/etc/uvm-1.1/verdi/uvm_verdi_recorder.svh'.
Back to file '/home/user/synopsys/vcs/vcs-mx/O-2018.09-SP2/etc/uvm-1.1/verdi/uvm_custom_install_verdi_recorder.sv'.
Parsing included file '/home/user/synopsys/vcs/vcs-mx/O-2018.09-SP2/etc/uvm-1.1/verdi/uvm_verdi_reg_map_recording.sv'.
Back to file '/home/user/synopsys/vcs/vcs-mx/O-2018.09-SP2/etc/uvm-1.1/verdi/uvm_custom_install_verdi_recorder.sv'.
Parsing included file '/home/user/synopsys/vcs/vcs-mx/O-2018.09-SP2/etc/uvm-1.1/verdi/uvm_verdi_message_catcher.svh'.
Parsing included file '/home/user/synopsys/vcs/vcs-mx/O-2018.09-SP2/etc/uvm-1.1/verdi/uvm_verdi_pli_base.svh'.
Back to file '/home/user/synopsys/vcs/vcs-mx/O-2018.09-SP2/etc/uvm-1.1/verdi/uvm_verdi_message_catcher.svh'.
Back to file '/home/user/synopsys/vcs/vcs-mx/O-2018.09-SP2/etc/uvm-1.1/verdi/uvm_custom_install_verdi_recorder.sv'.
Parsing included file '/home/user/synopsys/vcs/vcs-mx/O-2018.09-SP2/etc/uvm-1.1/verdi/./dpi/uvm_verdi_dpi.svh'.
Back to file '/home/user/synopsys/vcs/vcs-mx/O-2018.09-SP2/etc/uvm-1.1/verdi/uvm_custom_install_verdi_recorder.sv'.
Parsing included file '/home/user/synopsys/vcs/vcs-mx/O-2018.09-SP2/etc/uvm-1.1/verdi/uvm_verdi_reg_recording.sv'.
Back to file '/home/user/synopsys/vcs/vcs-mx/O-2018.09-SP2/etc/uvm-1.1/verdi/uvm_custom_install_verdi_recorder.sv'.
Parsing included file '/home/user/synopsys/vcs/vcs-mx/O-2018.09-SP2/etc/uvm-1.1/verdi/verdi_trans_recorder_dpi.svh'.
Back to file '/home/user/synopsys/vcs/vcs-mx/O-2018.09-SP2/etc/uvm-1.1/verdi/uvm_custom_install_verdi_recorder.sv'.
Parsing included file '/home/user/synopsys/vcs/vcs-mx/O-2018.09-SP2/etc/uvm-1.1/verdi/uvm_verdi_pli.svh'.
Back to file '/home/user/synopsys/vcs/vcs-mx/O-2018.09-SP2/etc/uvm-1.1/verdi/uvm_custom_install_verdi_recorder.sv'.
Parsing design file 'top_tb.sv'
Parsing included file '/home/user/synopsys/vcs/vcs-mx/O-2018.09-SP2/etc/uvm-1.1/uvm_macros.svh'.
Back to file 'top_tb.sv'.
Parsing included file 'accum.v'.
Back to file 'top_tb.sv'.
Parsing included file 'accum_if.sv'.
Back to file 'top_tb.sv'.
Parsing included file 'accum_transaction.sv'.
Back to file 'top_tb.sv'.
Parsing included file 'accum_sqr.sv'.
Back to file 'top_tb.sv'.
Parsing included file 'accum_driver.sv'.
Back to file 'top_tb.sv'.
Parsing included file 'accum_monitor.sv'.
Back to file 'top_tb.sv'.
Parsing included file 'accum_agent.sv'.
Back to file 'top_tb.sv'.
Parsing included file 'accum_predictor.sv'.
Back to file 'top_tb.sv'.
Parsing included file 'accum_scoreboard.sv'.
Back to file 'top_tb.sv'.
Parsing included file 'accum_seq.sv'.
Back to file 'top_tb.sv'.
Parsing included file 'accum_env.sv'.
Back to file 'top_tb.sv'.
Parsing included file 'base_test.sv'.
Back to file 'top_tb.sv'.
Parsing included file 'my_case1.sv'.
Back to file 'top_tb.sv'.
Top Level Modules:
       uvm_custom_install_recording
       uvm_custom_install_verdi_recording
       top_tb
TimeScale is 1 ns / 1 ps
Starting vcs inline pass...
9 modules and 0 UDP read.
recompiling package vcs_paramclassrepository
recompiling package _vcs_DPI_package
recompiling package uvm_pkg
recompiling package _vcs_msglog
recompiling module uvm_custom_install_recording
recompiling module uvm_custom_install_verdi_recording
recompiling module accum
recompiling module accum_if
recompiling module top_tb
All of 9 modules done
make[1]: Entering directory '/home/user/work/rics_cpu/FPGA-project/RISC_CPU/verification/acc/csrc' \

rm -f _csrc*.so pre_vcsobj_*.so share_vcsobj_*.so
g++ -w  -pipe -DVCS -DUVM_DPI_DO_TYPE_CHECK -fPIC -O -I/home/user/synopsys/vcs/vcs-mx/O-2018.09-SP2/include \
-c /home/user/synopsys/vcs/vcs-mx/O-2018.09-SP2/etc/uvm-1.1/dpi/uvm_dpi.cc
g++ -w  -pipe -DVCS -DUVM_DPI_DO_TYPE_CHECK -fPIC -O -I/home/user/synopsys/vcs/vcs-mx/O-2018.09-SP2/include \
-c /home/user/synopsys/vcs/vcs-mx/O-2018.09-SP2/etc/uvm-1.1/verdi/dpi/uvm_verdi_dpi.cpp \

if [ -x ../simv ]; then chmod -x ../simv; fi
g++  -o ../simv -no-pie  -Wl,--no-as-needed    -Wl,-rpath-link=./ -Wl,-rpath='$ORIGIN'/simv.daidir/ \
-Wl,-rpath=./simv.daidir/ -Wl,-rpath='$ORIGIN'/simv.daidir//scsim.db.dir  -L/usr/lib/x86_64-linux-gnu \
-L/lib/x86_64-linux-gnu -Wl,--no-as-needed -rdynamic  -Wl,-rpath=/home/user/synopsys/vcs/vcs-mx/O-2018.09-SP2/linux64/lib \
-L/home/user/synopsys/vcs/vcs-mx/O-2018.09-SP2/linux64/lib  uvm_dpi.o uvm_verdi_dpi.o \
objs/amcQw_d.o   _115596_archive_1.so  SIM_l.o      rmapats_mop.o rmapats.o rmar.o \
rmar_nd.o  rmar_llvm_0_1.o rmar_llvm_0_0.o          -lzerosoft_rt_stubs -lvirsim \
-lerrorinf -lsnpsmalloc -lvfs    -lvcsnew -lsimprofile -luclinative /home/user/synopsys/vcs/vcs-mx/O-2018.09-SP2/linux64/lib/vcs_tls.o \
-Wl,-whole-archive -lvcsucli -Wl,-no-whole-archive       ./../simv.daidir/vc_hdrs.o \
_vcs_pli_stub_.o   /home/user/synopsys/vcs/vcs-mx/O-2018.09-SP2/linux64/lib/vcs_save_restore_new.o \
/home/user/synopsys/verdi/verdi/Verdi_O-2018.09-SP2/share/PLI/VCS/LINUX64/pli.a -ldl \
-lc -lm -lpthread -ldl 
../simv up to date
make[1]: Leaving directory '/home/user/work/rics_cpu/FPGA-project/RISC_CPU/verification/acc/csrc' \

Command: /home/user/work/rics_cpu/FPGA-project/RISC_CPU/verification/acc/./simv +v2k +define+FSDB -a vcs.log
Chronologic VCS simulator copyright 1991-2018
Contains Synopsys proprietary information.
Compiler version O-2018.09-SP2_Full64; Runtime version O-2018.09-SP2_Full64;  Jul 27 01:01 2022
----------------------------------------------------------------
UVM-1.1d.Synopsys
(C) 2007-2013 Mentor Graphics Corporation
(C) 2007-2013 Cadence Design Systems, Inc.
(C) 2006-2013 Synopsys, Inc.
(C) 2011-2013 Cypress Semiconductor Corp.
----------------------------------------------------------------

  ***********       IMPORTANT RELEASE NOTES         ************

  You are using a version of the UVM library that has been compiled
  with `UVM_NO_DEPRECATED undefined.
  See http://www.eda.org/svdb/view.php?id=3313 for more details.

  You are using a version of the UVM library that has been compiled
  with `UVM_OBJECT_MUST_HAVE_CONSTRUCTOR undefined.
  See http://www.eda.org/svdb/view.php?id=3770 for more details.

      (Specify +UVM_NO_RELNOTES to turn off this notice)

my_casse1 开始运行
UVM_INFO @ 0: reporter [RNTST] Running test my_case1...
config vif 开始配置
env created!!!!!!!!!!

UVM_INFO my_case1.sv(43) @ 0: uvm_test_top [my_case1] build phase
UVM_INFO my_case1.sv(48) @ 0: uvm_test_top [my_case1] sequence -> sequencer
UVM_INFO accum_driver.sv(13) @ 0: uvm_test_top.env.acc_agt.acc_drv [accum_driver] build_phase is called
start driver
TEST CASE PASSED

--- UVM Report Summary ---

** Report counts by severity
UVM_INFO :    4
UVM_WARNING :    0
UVM_ERROR :    0
UVM_FATAL :    0
** Report counts by id
[RNTST]     1
[accum_driver]     1
[my_case1]     2
$finish called from file "/home/user/synopsys/vcs/vcs-mx/O-2018.09-SP2/etc/uvm-1.1/base/uvm_root.svh", line 439.
$finish at simulation time                    0
           V C S   S i m u l a t i o n   R e p o r t 
Time: 0 ps
CPU Time:      0.240 seconds;       Data structure size:   0.4Mb
Wed Jul 27 01:01:29 2022
CPU time: 6.551 seconds to compile + .190 seconds to elab + .599 seconds to link + .262 seconds in simulation
